<?xml version="1.0" encoding="UTF-8"?>
<testng-results ignored="0" total="2" passed="2" failed="0" skipped="0">
  <reporter-output>
  </reporter-output>
  <suite started-at="2025-06-13T15:39:30 IST" name="Suite" finished-at="2025-06-13T15:39:42 IST" duration-ms="11958">
    <groups>
    </groups>
    <test started-at="2025-06-13T15:39:30 IST" name="Test" finished-at="2025-06-13T15:39:42 IST" duration-ms="11958">
      <class name="testNGapproach.TestCode">
        <test-method is-config="true" signature="setUp(java.lang.String)[pri:0, instance:testNGapproach.TestCode@15de0b3c]" started-at="2025-06-13T15:39:30 IST" name="setUp" finished-at="2025-06-13T15:39:39 IST" duration-ms="8293" status="PASS">
          <params>
            <param index="0">
              <value>
                <![CDATA[chrome]]>
              </value>
            </param>
          </params>
          <reporter-output>
          </reporter-output>
        </test-method> <!-- setUp -->
        <test-method signature="navigateToAlertsSection()[pri:1, instance:testNGapproach.TestCode@15de0b3c]" started-at="2025-06-13T15:39:39 IST" name="navigateToAlertsSection" finished-at="2025-06-13T15:39:39 IST" duration-ms="465" status="PASS">
          <reporter-output>
          </reporter-output>
        </test-method> <!-- navigateToAlertsSection -->
        <test-method signature="fillPracticeForm()[pri:2, instance:testNGapproach.TestCode@15de0b3c]" started-at="2025-06-13T15:39:39 IST" name="fillPracticeForm" finished-at="2025-06-13T15:39:42 IST" duration-ms="3114" status="PASS">
          <reporter-output>
          </reporter-output>
        </test-method> <!-- fillPracticeForm -->
        <test-method is-config="true" signature="tearDown()[pri:0, instance:testNGapproach.TestCode@15de0b3c]" started-at="2025-06-13T15:39:42 IST" name="tearDown" finished-at="2025-06-13T15:39:42 IST" duration-ms="1" status="PASS">
          <reporter-output>
          </reporter-output>
        </test-method> <!-- tearDown -->
      </class> <!-- testNGapproach.TestCode -->
    </test> <!-- Test -->
  </suite> <!-- Suite -->
</testng-results>
