<?xml version="1.0" encoding="UTF-8"?>
<testng-results ignored="0" total="2" passed="2" failed="0" skipped="0">
  <reporter-output>
  </reporter-output>
  <suite started-at="2025-06-11T21:35:41 IST" name="Default suite" finished-at="2025-06-11T21:35:58 IST" duration-ms="16880">
    <groups>
    </groups>
    <test started-at="2025-06-11T21:35:41 IST" name="Default test" finished-at="2025-06-11T21:35:58 IST" duration-ms="16880">
      <class name="testNGapproach.TestCode">
        <test-method is-config="true" signature="setUp()[pri:0, instance:testNGapproach.TestCode@4116aac9]" started-at="2025-06-11T21:35:41 IST" name="setUp" finished-at="2025-06-11T21:35:48 IST" duration-ms="6954" status="PASS">
          <reporter-output>
          </reporter-output>
        </test-method> <!-- setUp -->
        <test-method signature="navigateToAlertsSection()[pri:1, instance:testNGapproach.TestCode@4116aac9]" started-at="2025-06-11T21:35:48 IST" name="navigateToAlertsSection" finished-at="2025-06-11T21:35:49 IST" duration-ms="343" status="PASS">
          <reporter-output>
          </reporter-output>
        </test-method> <!-- navigateToAlertsSection -->
        <test-method signature="fillPracticeForm()[pri:2, instance:testNGapproach.TestCode@4116aac9]" started-at="2025-06-11T21:35:49 IST" name="fillPracticeForm" finished-at="2025-06-11T21:35:56 IST" duration-ms="6919" status="PASS">
          <reporter-output>
          </reporter-output>
        </test-method> <!-- fillPracticeForm -->
        <test-method is-config="true" signature="tearDown()[pri:0, instance:testNGapproach.TestCode@4116aac9]" started-at="2025-06-11T21:35:56 IST" name="tearDown" finished-at="2025-06-11T21:35:58 IST" duration-ms="2598" status="PASS">
          <reporter-output>
          </reporter-output>
        </test-method> <!-- tearDown -->
      </class> <!-- testNGapproach.TestCode -->
    </test> <!-- Default test -->
  </suite> <!-- Default suite -->
</testng-results>
